2026-05-08 02:14:03,970 - main - INFO - === Logging system initialized ===
2026-05-08 02:14:03,970 - main - INFO - Log file: logs/app_20260508_021403.log
2026-05-08 02:14:03,970 - main - INFO - Log level: INFO
2026-05-08 02:14:03,970 - main - INFO - Timestamp: 20260508_021403
2026-05-08 02:14:10,658 - main - INFO - Included router: routers.aihub.router
2026-05-08 02:14:10,862 - main - INFO - Included router: routers.auth.router
2026-05-08 02:14:10,883 - main - INFO - Included router: routers.health.router
2026-05-08 02:14:10,923 - main - INFO - Included router: routers.settings.router
2026-05-08 02:14:11,071 - main - INFO - Included router: routers.storage.router
2026-05-08 02:14:11,132 - main - INFO - Included router: routers.user.router
2026-05-08 02:14:11,133 - main - INFO - === Application startup initiated ===
2026-05-08 02:14:11,134 - services.database - INFO - Ignore creating tables
2026-05-08 02:14:11,134 - services.mock_data - INFO - Ignore initialize data
2026-05-08 02:14:11,134 - services.auth - INFO - Ignore initialize admin
2026-05-08 02:14:11,134 - main - INFO - === Application startup completed successfully ===
2026-05-08 02:18:41,748 - dependencies.auth - DEBUG - Authentication required for request GET /api/v1/auth/me
2026-05-08 02:18:43,100 - dependencies.auth - DEBUG - Authentication required for request GET /api/v1/auth/me
2026-05-08 02:18:54,693 - services.database - DEBUG - [DB_OP] Starting database close
2026-05-08 02:18:54,694 - services.database - INFO - Database connections closed
2026-05-08 02:18:54,695 - services.database - DEBUG - [DB_OP] Database close completed in 0.0013s
