2026-05-08 02:19:23,775 - main - INFO - === Logging system initialized ===
2026-05-08 02:19:23,775 - main - INFO - Log file: logs/app_20260508_021923.log
2026-05-08 02:19:23,775 - main - INFO - Log level: INFO
2026-05-08 02:19:23,775 - main - INFO - Timestamp: 20260508_021923
2026-05-08 02:19:24,888 - main - INFO - Included router: routers.aihub.router
2026-05-08 02:19:24,909 - main - INFO - Included router: routers.auth.router
2026-05-08 02:19:24,911 - main - INFO - Included router: routers.health.router
2026-05-08 02:19:24,933 - main - INFO - Included router: routers.settings.router
2026-05-08 02:19:24,978 - main - INFO - Included router: routers.storage.router
2026-05-08 02:19:24,990 - main - INFO - Included router: routers.user.router
2026-05-08 02:19:24,991 - main - INFO - === Application startup initiated ===
2026-05-08 02:19:24,991 - services.database - INFO - Ignore creating tables
2026-05-08 02:19:24,992 - services.mock_data - INFO - Ignore initialize data
2026-05-08 02:19:24,992 - services.auth - INFO - Ignore initialize admin
2026-05-08 02:19:24,992 - main - INFO - === Application startup completed successfully ===
2026-05-08 02:22:19,123 - dependencies.auth - DEBUG - Authentication required for request GET /api/v1/auth/me
2026-05-08 02:25:10,078 - dependencies.auth - DEBUG - Authentication required for request GET /api/v1/auth/me
2026-05-08 02:28:10,570 - dependencies.auth - DEBUG - Authentication required for request GET /api/v1/auth/me
2026-05-08 02:28:37,962 - dependencies.auth - DEBUG - Authentication required for request GET /api/v1/auth/me
2026-05-08 02:28:38,394 - dependencies.auth - DEBUG - Authentication required for request GET /api/v1/auth/me
2026-05-08 02:29:29,927 - services.database - DEBUG - [DB_OP] Starting database close
2026-05-08 02:29:29,927 - services.database - INFO - Database connections closed
2026-05-08 02:29:29,927 - services.database - DEBUG - [DB_OP] Database close completed in 0.0004s
